
> wordsolverx-svelte@0.0.1 check
> svelte-kit sync && svelte-check --tsconfig ./tsconfig.json

Loading svelte-check in workspace: c:\Users\akasa\Desktop\MYPROJECTS\wordsolverx-cloudflare\wordsolverx-svelte
Getting Svelte diagnostics...

c:\Users\akasa\Desktop\MYPROJECTS\wordsolverx-cloudflare\wordsolverx-svelte\[32mnode_modules\color-space\types\lrgb.ts[39m:1:10
[31mError[39m: 'ColorSpace' is a type and must be imported using a type-only import when 'verbatimModuleSyntax' is enabled. 
[36mimport { [35mColorSpace[36m } from "./color-space";[39m

c:\Users\akasa\Desktop\MYPROJECTS\wordsolverx-cloudflare\wordsolverx-svelte\[32mnode_modules\color-space\types\xvycc.ts[39m:1:10
[31mError[39m: 'ColorSpace' is a type and must be imported using a type-only import when 'verbatimModuleSyntax' is enabled. 
[36mimport { [35mColorSpace[36m } from "./color-space";[39m

c:\Users\akasa\Desktop\MYPROJECTS\wordsolverx-cloudflare\wordsolverx-svelte\[32mnode_modules\color-space\types\yccbccrc.ts[39m:1:10
[31mError[39m: 'ColorSpace' is a type and must be imported using a type-only import when 'verbatimModuleSyntax' is enabled. 
[36mimport { [35mColorSpace[36m } from "./color-space";[39m

c:\Users\akasa\Desktop\MYPROJECTS\wordsolverx-cloudflare\wordsolverx-svelte\[32msrc\lib\components\wordle\GameBoard.svelte[39m:102:24
[31mError[39m: Property 'isActiveRow' does not exist on type '{ letter: string; state: string; position: number; animationDelay: number; isActiveRow: boolean; isActiveTile: boolean; } | { letter: string; state: string; position: number; animationDelay: number; }'.
  Property 'isActiveRow' does not exist on type '{ letter: string; state: string; position: number; animationDelay: number; }'. (ts)
[36m					position={tile.position}
					isActiveRow={tile.[35misActiveRow[36m}
					isActiveTile={tile.isActiveTile}[39m

c:\Users\akasa\Desktop\MYPROJECTS\wordsolverx-cloudflare\wordsolverx-svelte\[32msrc\lib\components\wordle\GameBoard.svelte[39m:103:25
[31mError[39m: Property 'isActiveTile' does not exist on type '{ letter: string; state: string; position: number; animationDelay: number; isActiveRow: boolean; isActiveTile: boolean; } | { letter: string; state: string; position: number; animationDelay: number; }'.
  Property 'isActiveTile' does not exist on type '{ letter: string; state: string; position: number; animationDelay: number; }'. (ts)
[36m					isActiveRow={tile.isActiveRow}
					isActiveTile={tile.[35misActiveTile[36m}
				/>[39m

c:\Users\akasa\Desktop\MYPROJECTS\wordsolverx-cloudflare\wordsolverx-svelte\[32msrc\lib\components\GameDleAnswerPage.svelte[39m:29:38
[33mWarn[39m: This reference only captures the initial value of `data`. Did you mean to reference it inside a derived instead?
https://svelte.dev/e/state_referenced_locally (svelte)
[36m  // Use server-side data if available, otherwise fall back to empty state
  let answers = $state<GameAnswer[]>([35mdata[36m?.answers ?? []);
  let loading = $state(!data?.answers?.length);[39m

c:\Users\akasa\Desktop\MYPROJECTS\wordsolverx-cloudflare\wordsolverx-svelte\[32msrc\lib\components\GameDleAnswerPage.svelte[39m:30:25
[33mWarn[39m: This reference only captures the initial value of `data`. Did you mean to reference it inside a derived instead?
https://svelte.dev/e/state_referenced_locally (svelte)
[36m  let answers = $state<GameAnswer[]>(data?.answers ?? []);
  let loading = $state(![35mdata[36m?.answers?.length);
  let error = $state<string | null>(data?.error ?? null);[39m

c:\Users\akasa\Desktop\MYPROJECTS\wordsolverx-cloudflare\wordsolverx-svelte\[32msrc\lib\components\GameDleAnswerPage.svelte[39m:31:37
[33mWarn[39m: This reference only captures the initial value of `data`. Did you mean to reference it inside a derived instead?
https://svelte.dev/e/state_referenced_locally (svelte)
[36m  let loading = $state(!data?.answers?.length);
  let error = $state<string | null>([35mdata[36m?.error ?? null);
  let copiedKey = $state<string | null>(null);[39m

c:\Users\akasa\Desktop\MYPROJECTS\wordsolverx-cloudflare\wordsolverx-svelte\[32msrc\lib\components\GameDleAnswerPage.svelte[39m:33:24
[33mWarn[39m: This reference only captures the initial value of `data`. Did you mean to reference it inside a derived instead?
https://svelte.dev/e/state_referenced_locally (svelte)
[36m  let copiedKey = $state<string | null>(null);
  let dateStr = $state([35mdata[36m?.dateStr ?? '');[39m

c:\Users\akasa\Desktop\MYPROJECTS\wordsolverx-cloudflare\wordsolverx-svelte\[32msrc\lib\components\GameDleAnswerPage.svelte[39m:36:51
[33mWarn[39m: This reference only captures the initial value of `gameKey`. Did you mean to reference it inside a closure instead?
https://svelte.dev/e/state_referenced_locally (svelte)
[36m  // Generate canonical URL based on gameKey
  const canonicalUrl = `https://wordsolver.tech/${[35mgameKey[36m}-answer-today`;[39m

c:\Users\akasa\Desktop\MYPROJECTS\wordsolverx-cloudflare\wordsolverx-svelte\[32msrc\lib\components\betweenle\BetweenleSolverClient.svelte[39m:161:13
[33mWarn[39m: A form label must be associated with a control
https://svelte.dev/e/a11y_label_has_associated_control (svelte)
[36m          <div class="space-y-2">
            [35m<label class="text-sm font-semibold text-slate-900 dark:text-white">Top Bound</label>[36m
            <div class="flex gap-2">[39m

c:\Users\akasa\Desktop\MYPROJECTS\wordsolverx-cloudflare\wordsolverx-svelte\[32msrc\lib\components\betweenle\BetweenleSolverClient.svelte[39m:185:13
[33mWarn[39m: A form label must be associated with a control
https://svelte.dev/e/a11y_label_has_associated_control (svelte)
[36m          <div class="space-y-2">
            [35m<label class="text-sm font-semibold text-slate-900 dark:text-white">Bottom Bound</label>[36m
            <div class="flex gap-2">[39m

c:\Users\akasa\Desktop\MYPROJECTS\wordsolverx-cloudflare\wordsolverx-svelte\[32msrc\lib\components\kanoodle\KanoodleGame.svelte[39m:486:15
[33mWarn[39m: Visible, non-interactive elements with a click event must be accompanied by a keyboard event handler. Consider whether an interactive element such as `<button type="button">` or `<a>` might be more appropriate
https://svelte.dev/e/a11y_click_events_have_key_events (svelte)
[36m            {#each unplacedPieces as piece}
              [35m<div
                class={`group relative select-none rounded-2xl p-3 transition touch-none ${isDragging && draggingPieceId === piece.id ? 'cursor-grabbing scale-95 opacity-40' : 'cursor-grab'} ${selectedPiece === piece.id ? 'bg-sky-50 ring-2 ring-sky-400 ring-offset-2 ring-offset-white dark:bg-sky-950/20 dark:ring-sky-500 dark:ring-offset-slate-900' : 'hover:bg-slate-50 dark:hover:bg-slate-800/70'}`}
                onclick={() => selectPiece(piece.id)}
                onpointerdown={(event) => startPointerDrag(event, piece.id)}
                role="button"
                tabindex="0"
              >
                <div class="flex flex-col items-center gap-2">
                  <div class="flex flex-col gap-[3px]">
                    {#each piece.shape as shapeRow}
                      <div class="flex gap-[3px]">
                        {#each shapeRow as value}
                          <div class="rounded-full" style={`width:${PIECE_CELL}px;height:${PIECE_CELL}px;background-color:${value === 1 ? piece.color : 'transparent'};box-shadow:${value === 1 ? `0 2px 8px ${piece.color}50, inset 0 -2px 4px rgba(0,0,0,0.2), inset 0 1px 2px rgba(255,255,255,0.4)` : 'none'};`}></div>
                        {/each}
                      </div>
                    {/each}
                  </div>
                  <div
                    class="grid w-full gap-2 opacity-100 sm:opacity-0 sm:transition-opacity sm:group-hover:opacity-100"
                    onclick={(event) => event.stopPropagation()}
                    onpointerdown={(event) => event.stopPropagation()}
                  >
                    <button
                      class="inline-flex min-w-28 items-center justify-center rounded-xl bg-gradient-to-r from-sky-500 to-indigo-600 px-3 py-2 text-xs font-bold text-white shadow-md shadow-sky-500/20 transition-transform hover:scale-[1.02]"
                      onclick={() => { selectPiece(piece.id); rotateSelected(); }}
                      type="button"
                    >
                      Rotate
                    </button>
                    <button
                      class="inline-flex min-w-28 items-center justify-center rounded-xl border border-slate-200 bg-white px-3 py-2 text-xs font-bold text-slate-700 shadow-sm transition-transform hover:scale-[1.02] dark:border-slate-700 dark:bg-slate-900 dark:text-slate-100"
                      onclick={() => { selectPiece(piece.id); flipSelected(); }}
                      type="button"
                    >
                      Flip
                    </button>
                  </div>
                </div>
              </div>[36m
            {/each}[39m

c:\Users\akasa\Desktop\MYPROJECTS\wordsolverx-cloudflare\wordsolverx-svelte\[32msrc\lib\components\kanoodle\KanoodleGame.svelte[39m:503:19
[33mWarn[39m: Visible, non-interactive elements with a click event must be accompanied by a keyboard event handler. Consider whether an interactive element such as `<button type="button">` or `<a>` might be more appropriate
https://svelte.dev/e/a11y_click_events_have_key_events (svelte)
[36m                  </div>
                  [35m<div
                    class="grid w-full gap-2 opacity-100 sm:opacity-0 sm:transition-opacity sm:group-hover:opacity-100"
                    onclick={(event) => event.stopPropagation()}
                    onpointerdown={(event) => event.stopPropagation()}
                  >
                    <button
                      class="inline-flex min-w-28 items-center justify-center rounded-xl bg-gradient-to-r from-sky-500 to-indigo-600 px-3 py-2 text-xs font-bold text-white shadow-md shadow-sky-500/20 transition-transform hover:scale-[1.02]"
                      onclick={() => { selectPiece(piece.id); rotateSelected(); }}
                      type="button"
                    >
                      Rotate
                    </button>
                    <button
                      class="inline-flex min-w-28 items-center justify-center rounded-xl border border-slate-200 bg-white px-3 py-2 text-xs font-bold text-slate-700 shadow-sm transition-transform hover:scale-[1.02] dark:border-slate-700 dark:bg-slate-900 dark:text-slate-100"
                      onclick={() => { selectPiece(piece.id); flipSelected(); }}
                      type="button"
                    >
                      Flip
                    </button>
                  </div>[36m
                </div>[39m

c:\Users\akasa\Desktop\MYPROJECTS\wordsolverx-cloudflare\wordsolverx-svelte\[32msrc\lib\components\kanoodle\KanoodleGame.svelte[39m:503:19
[33mWarn[39m: `<div>` with a click or pointerdown handler must have an ARIA role
https://svelte.dev/e/a11y_no_static_element_interactions (svelte)
[36m                  </div>
                  [35m<div
                    class="grid w-full gap-2 opacity-100 sm:opacity-0 sm:transition-opacity sm:group-hover:opacity-100"
                    onclick={(event) => event.stopPropagation()}
                    onpointerdown={(event) => event.stopPropagation()}
                  >
                    <button
                      class="inline-flex min-w-28 items-center justify-center rounded-xl bg-gradient-to-r from-sky-500 to-indigo-600 px-3 py-2 text-xs font-bold text-white shadow-md shadow-sky-500/20 transition-transform hover:scale-[1.02]"
                      onclick={() => { selectPiece(piece.id); rotateSelected(); }}
                      type="button"
                    >
                      Rotate
                    </button>
                    <button
                      class="inline-flex min-w-28 items-center justify-center rounded-xl border border-slate-200 bg-white px-3 py-2 text-xs font-bold text-slate-700 shadow-sm transition-transform hover:scale-[1.02] dark:border-slate-700 dark:bg-slate-900 dark:text-slate-100"
                      onclick={() => { selectPiece(piece.id); flipSelected(); }}
                      type="button"
                    >
                      Flip
                    </button>
                  </div>[36m
                </div>[39m

c:\Users\akasa\Desktop\MYPROJECTS\wordsolverx-cloudflare\wordsolverx-svelte\[32msrc\lib\components\wordle\WordleGame.svelte[39m:636:13
[33mWarn[39m: Visible, non-interactive elements with a click event must be accompanied by a keyboard event handler. Consider whether an interactive element such as `<button type="button">` or `<a>` might be more appropriate
https://svelte.dev/e/a11y_click_events_have_key_events (svelte)
[36m        {#if isHintModalOpen && !gameWon && !gameLost}
            [35m<div class="fixed inset-0 z-50 flex items-center justify-center p-4 bg-gray-900/50 dark:bg-gray-900/80 backdrop-blur-sm transition-opacity" onclick={() => isHintModalOpen = false}>
                <div class="bg-gray-50 dark:bg-gray-800 rounded-2xl shadow-2xl w-full max-w-md overflow-hidden flex flex-col max-h-[90vh] border border-gray-200 dark:border-gray-700" onclick={(e) => e.stopPropagation()}>
                    <div class="flex justify-between items-center p-4 border-b border-gray-200 dark:border-gray-700">
                        <div class="flex items-center gap-2">
                            <svg xmlns="http://www.w3.org/2000/svg" fill="none" viewBox="0 0 24 24" stroke-width="2" stroke="currentColor" class="w-6 h-6 text-yellow-500">
                                <path stroke-linecap="round" stroke-linejoin="round" d="M12 18v-5.25m0 0a6.01 6.01 0 001.5-.189m-1.5.189a6.01 6.01 0 01-1.5-.189m3.75 7.478a12.06 12.06 0 01-4.5 0m3.75 2.383a14.406 14.406 0 01-3 0M14.25 18v-.192c0-.983.658-1.82 1.508-2.316a7.5 7.5 0 10-7.516 0c.85.496 1.508 1.333 1.508 2.316V18" />
                            </svg>
                            <h2 class="text-xl font-bold dark:text-white">Puzzle Hints</h2>
                        </div>
                        <button onclick={() => isHintModalOpen = false} class="text-gray-400 hover:text-gray-600 dark:hover:text-gray-200 transition-colors">
                            <XMarkIcon class="w-6 h-6" />
                        </button>
                    </div>
                    <div class="p-2 overflow-y-auto">
                        <WordleHints word={gameState.solution!} />
                    </div>
                </div>
            </div>[36m
        {/if}[39m

c:\Users\akasa\Desktop\MYPROJECTS\wordsolverx-cloudflare\wordsolverx-svelte\[32msrc\lib\components\wordle\WordleGame.svelte[39m:636:13
[33mWarn[39m: `<div>` with a click handler must have an ARIA role
https://svelte.dev/e/a11y_no_static_element_interactions (svelte)
[36m        {#if isHintModalOpen && !gameWon && !gameLost}
            [35m<div class="fixed inset-0 z-50 flex items-center justify-center p-4 bg-gray-900/50 dark:bg-gray-900/80 backdrop-blur-sm transition-opacity" onclick={() => isHintModalOpen = false}>
                <div class="bg-gray-50 dark:bg-gray-800 rounded-2xl shadow-2xl w-full max-w-md overflow-hidden flex flex-col max-h-[90vh] border border-gray-200 dark:border-gray-700" onclick={(e) => e.stopPropagation()}>
                    <div class="flex justify-between items-center p-4 border-b border-gray-200 dark:border-gray-700">
                        <div class="flex items-center gap-2">
                            <svg xmlns="http://www.w3.org/2000/svg" fill="none" viewBox="0 0 24 24" stroke-width="2" stroke="currentColor" class="w-6 h-6 text-yellow-500">
                                <path stroke-linecap="round" stroke-linejoin="round" d="M12 18v-5.25m0 0a6.01 6.01 0 001.5-.189m-1.5.189a6.01 6.01 0 01-1.5-.189m3.75 7.478a12.06 12.06 0 01-4.5 0m3.75 2.383a14.406 14.406 0 01-3 0M14.25 18v-.192c0-.983.658-1.82 1.508-2.316a7.5 7.5 0 10-7.516 0c.85.496 1.508 1.333 1.508 2.316V18" />
                            </svg>
                            <h2 class="text-xl font-bold dark:text-white">Puzzle Hints</h2>
                        </div>
                        <button onclick={() => isHintModalOpen = false} class="text-gray-400 hover:text-gray-600 dark:hover:text-gray-200 transition-colors">
                            <XMarkIcon class="w-6 h-6" />
                        </button>
                    </div>
                    <div class="p-2 overflow-y-auto">
                        <WordleHints word={gameState.solution!} />
                    </div>
                </div>
            </div>[36m
        {/if}[39m

c:\Users\akasa\Desktop\MYPROJECTS\wordsolverx-cloudflare\wordsolverx-svelte\[32msrc\lib\components\wordle\WordleGame.svelte[39m:637:17
[33mWarn[39m: Visible, non-interactive elements with a click event must be accompanied by a keyboard event handler. Consider whether an interactive element such as `<button type="button">` or `<a>` might be more appropriate
https://svelte.dev/e/a11y_click_events_have_key_events (svelte)
[36m            <div class="fixed inset-0 z-50 flex items-center justify-center p-4 bg-gray-900/50 dark:bg-gray-900/80 backdrop-blur-sm transition-opacity" onclick={() => isHintModalOpen = false}>
                [35m<div class="bg-gray-50 dark:bg-gray-800 rounded-2xl shadow-2xl w-full max-w-md overflow-hidden flex flex-col max-h-[90vh] border border-gray-200 dark:border-gray-700" onclick={(e) => e.stopPropagation()}>
                    <div class="flex justify-between items-center p-4 border-b border-gray-200 dark:border-gray-700">
                        <div class="flex items-center gap-2">
                            <svg xmlns="http://www.w3.org/2000/svg" fill="none" viewBox="0 0 24 24" stroke-width="2" stroke="currentColor" class="w-6 h-6 text-yellow-500">
                                <path stroke-linecap="round" stroke-linejoin="round" d="M12 18v-5.25m0 0a6.01 6.01 0 001.5-.189m-1.5.189a6.01 6.01 0 01-1.5-.189m3.75 7.478a12.06 12.06 0 01-4.5 0m3.75 2.383a14.406 14.406 0 01-3 0M14.25 18v-.192c0-.983.658-1.82 1.508-2.316a7.5 7.5 0 10-7.516 0c.85.496 1.508 1.333 1.508 2.316V18" />
                            </svg>
                            <h2 class="text-xl font-bold dark:text-white">Puzzle Hints</h2>
                        </div>
                        <button onclick={() => isHintModalOpen = false} class="text-gray-400 hover:text-gray-600 dark:hover:text-gray-200 transition-colors">
                            <XMarkIcon class="w-6 h-6" />
                        </button>
                    </div>
                    <div class="p-2 overflow-y-auto">
                        <WordleHints word={gameState.solution!} />
                    </div>
                </div>[36m
            </div>[39m

c:\Users\akasa\Desktop\MYPROJECTS\wordsolverx-cloudflare\wordsolverx-svelte\[32msrc\lib\components\wordle\WordleGame.svelte[39m:637:17
[33mWarn[39m: `<div>` with a click handler must have an ARIA role
https://svelte.dev/e/a11y_no_static_element_interactions (svelte)
[36m            <div class="fixed inset-0 z-50 flex items-center justify-center p-4 bg-gray-900/50 dark:bg-gray-900/80 backdrop-blur-sm transition-opacity" onclick={() => isHintModalOpen = false}>
                [35m<div class="bg-gray-50 dark:bg-gray-800 rounded-2xl shadow-2xl w-full max-w-md overflow-hidden flex flex-col max-h-[90vh] border border-gray-200 dark:border-gray-700" onclick={(e) => e.stopPropagation()}>
                    <div class="flex justify-between items-center p-4 border-b border-gray-200 dark:border-gray-700">
                        <div class="flex items-center gap-2">
                            <svg xmlns="http://www.w3.org/2000/svg" fill="none" viewBox="0 0 24 24" stroke-width="2" stroke="currentColor" class="w-6 h-6 text-yellow-500">
                                <path stroke-linecap="round" stroke-linejoin="round" d="M12 18v-5.25m0 0a6.01 6.01 0 001.5-.189m-1.5.189a6.01 6.01 0 01-1.5-.189m3.75 7.478a12.06 12.06 0 01-4.5 0m3.75 2.383a14.406 14.406 0 01-3 0M14.25 18v-.192c0-.983.658-1.82 1.508-2.316a7.5 7.5 0 10-7.516 0c.85.496 1.508 1.333 1.508 2.316V18" />
                            </svg>
                            <h2 class="text-xl font-bold dark:text-white">Puzzle Hints</h2>
                        </div>
                        <button onclick={() => isHintModalOpen = false} class="text-gray-400 hover:text-gray-600 dark:hover:text-gray-200 transition-colors">
                            <XMarkIcon class="w-6 h-6" />
                        </button>
                    </div>
                    <div class="p-2 overflow-y-auto">
                        <WordleHints word={gameState.solution!} />
                    </div>
                </div>[36m
            </div>[39m

c:\Users\akasa\Desktop\MYPROJECTS\wordsolverx-cloudflare\wordsolverx-svelte\[32msrc\lib\components\worldle\WorldleSolverClient.svelte[39m:122:52
[31mError[39m: 'selectedCountry' is possibly 'null'. (ts)
[36m
    if (hints.some((hint) => hint.country.code === [35mselectedCountry[36m.code)) {
      errorMessage = 'That country is already in your hint list.';[39m

c:\Users\akasa\Desktop\MYPROJECTS\wordsolverx-cloudflare\wordsolverx-svelte\[32msrc\routes\betweenle-answer-today\+page.svelte[39m:58:20
[33mWarn[39m: This reference only captures the initial value of `data`. Did you mean to reference it inside a closure instead?
https://svelte.dev/e/state_referenced_locally (svelte)
[36m      headline: 'Betweenle Answer Today',
      description: [35mdata[36m.meta.description,
      mainEntityOfPage: data.meta.canonical,[39m

c:\Users\akasa\Desktop\MYPROJECTS\wordsolverx-cloudflare\wordsolverx-svelte\[32msrc\routes\betweenle-answer-today\+page.svelte[39m:59:25
[33mWarn[39m: This reference only captures the initial value of `data`. Did you mean to reference it inside a closure instead?
https://svelte.dev/e/state_referenced_locally (svelte)
[36m      description: data.meta.description,
      mainEntityOfPage: [35mdata[36m.meta.canonical,
      datePublished: `${data.todayAnswer.date}T00:00:00Z`,[39m

c:\Users\akasa\Desktop\MYPROJECTS\wordsolverx-cloudflare\wordsolverx-svelte\[32msrc\routes\betweenle-answer-today\+page.svelte[39m:60:25
[33mWarn[39m: This reference only captures the initial value of `data`. Did you mean to reference it inside a closure instead?
https://svelte.dev/e/state_referenced_locally (svelte)
[36m      mainEntityOfPage: data.meta.canonical,
      datePublished: `${[35mdata[36m.todayAnswer.date}T00:00:00Z`,
      dateModified: `${data.todayAnswer.date}T00:00:00Z`,[39m

c:\Users\akasa\Desktop\MYPROJECTS\wordsolverx-cloudflare\wordsolverx-svelte\[32msrc\routes\betweenle-answer-today\+page.svelte[39m:61:24
[33mWarn[39m: This reference only captures the initial value of `data`. Did you mean to reference it inside a closure instead?
https://svelte.dev/e/state_referenced_locally (svelte)
[36m      datePublished: `${data.todayAnswer.date}T00:00:00Z`,
      dateModified: `${[35mdata[36m.todayAnswer.date}T00:00:00Z`,
      author: {[39m

c:\Users\akasa\Desktop\MYPROJECTS\wordsolverx-cloudflare\wordsolverx-svelte\[32msrc\routes\betweenle-answer-today\+page.svelte[39m:74:46
[33mWarn[39m: This reference only captures the initial value of `data`. Did you mean to reference it inside a closure instead?
https://svelte.dev/e/state_referenced_locally (svelte)
[36m      { name: 'Today', url: 'https://wordsolver.tech/today' },
      { name: 'Betweenle Answer Today', url: [35mdata[36m.meta.canonical },
    ]),[39m

c:\Users\akasa\Desktop\MYPROJECTS\wordsolverx-cloudflare\wordsolverx-svelte\[32msrc\routes\betweenle-answer-today\+page.svelte[39m:76:53
[33mWarn[39m: This reference only captures the initial value of `data`. Did you mean to reference it inside a closure instead?
https://svelte.dev/e/state_referenced_locally (svelte)
[36m    ]),
    generateWebPageSchema('Betweenle Answer Today', [35mdata[36m.meta.description, data.meta.canonical),
  ]);[39m

c:\Users\akasa\Desktop\MYPROJECTS\wordsolverx-cloudflare\wordsolverx-svelte\[32msrc\routes\betweenle-answer-today\+page.svelte[39m:76:76
[33mWarn[39m: This reference only captures the initial value of `data`. Did you mean to reference it inside a closure instead?
https://svelte.dev/e/state_referenced_locally (svelte)
[36m    ]),
    generateWebPageSchema('Betweenle Answer Today', data.meta.description, [35mdata[36m.meta.canonical),
  ]);[39m

c:\Users\akasa\Desktop\MYPROJECTS\wordsolverx-cloudflare\wordsolverx-svelte\[32msrc\routes\betweenle-answer-today\+page.svelte[39m:80:48
[33mWarn[39m: This reference only captures the initial value of `data`. Did you mean to reference it inside a derived instead?
https://svelte.dev/e/state_referenced_locally (svelte)
[36m  let selectedDate = $state<string | null>(null);
  let currentMonth = $state<Date>(parseDateKey([35mdata[36m.todayAnswer.date));[39m

c:\Users\akasa\Desktop\MYPROJECTS\wordsolverx-cloudflare\wordsolverx-svelte\[32msrc\routes\betweenle-answer-today\+page.svelte[39m:82:19
[33mWarn[39m: This reference only captures the initial value of `data`. Did you mean to reference it inside a closure instead?
https://svelte.dev/e/state_referenced_locally (svelte)
[36m
  const archive = [35mdata[36m.archive as BetweenleDailyAnswer[];[39m

c:\Users\akasa\Desktop\MYPROJECTS\wordsolverx-cloudflare\wordsolverx-svelte\[32msrc\routes\contexto-answer-today\+page.svelte[39m:27:46
[33mWarn[39m: This reference only captures the initial value of `data`. Did you mean to reference it inside a derived instead?
https://svelte.dev/e/state_referenced_locally (svelte)
[36m  let currentMonth = $state(new Date());
  let answer = $state<ContextoAnswer | null>([35mdata[36m?.initialAnswer ?? null);
  let isLoading = $state(false);[39m

c:\Users\akasa\Desktop\MYPROJECTS\wordsolverx-cloudflare\wordsolverx-svelte\[32msrc\routes\contexto-answer-today\+page.svelte[39m:31:37
[33mWarn[39m: This reference only captures the initial value of `data`. Did you mean to reference it inside a derived instead?
https://svelte.dev/e/state_referenced_locally (svelte)
[36m  let gameNumberInput = $state('');
  let error = $state<string | null>([35mdata[36m?.error ?? null);[39m

c:\Users\akasa\Desktop\MYPROJECTS\wordsolverx-cloudflare\wordsolverx-svelte\[32msrc\routes\contexto-answer-today\+page.svelte[39m:33:7
[33mWarn[39m: This reference only captures the initial value of `data`. Did you mean to reference it inside a closure instead?
https://svelte.dev/e/state_referenced_locally (svelte)
[36m
  if ([35mdata[36m?.initialAnswer?.date) {
    const [year, month, day] = data.initialAnswer.date.split('-').map(Number);[39m

c:\Users\akasa\Desktop\MYPROJECTS\wordsolverx-cloudflare\wordsolverx-svelte\[32msrc\routes\contexto-answer-today\+page.svelte[39m:34:32
[33mWarn[39m: This reference only captures the initial value of `data`. Did you mean to reference it inside a closure instead?
https://svelte.dev/e/state_referenced_locally (svelte)
[36m  if (data?.initialAnswer?.date) {
    const [year, month, day] = [35mdata[36m.initialAnswer.date.split('-').map(Number);
    selectedDate = new Date(year, month - 1, day);[39m

c:\Users\akasa\Desktop\MYPROJECTS\wordsolverx-cloudflare\wordsolverx-svelte\[32msrc\routes\contexto-answer-today\+page.svelte[39m:269:15
[33mWarn[39m: Using `on:click` to listen to the click event is deprecated. Use the event attribute `onclick` instead
https://svelte.dev/e/event_directive_deprecated (svelte)
[36m              type="button"
              [35mon:click={() => fetchAnswer(selectedDate)}[36m
              class="mt-4 px-4 py-2 rounded-lg border border-slate-200 dark:border-slate-700"[39m

c:\Users\akasa\Desktop\MYPROJECTS\wordsolverx-cloudflare\wordsolverx-svelte\[32msrc\routes\contexto-answer-today\+page.svelte[39m:292:19
[33mWarn[39m: Using `on:click` to listen to the click event is deprecated. Use the event attribute `onclick` instead
https://svelte.dev/e/event_directive_deprecated (svelte)
[36m                  type="button"
                  [35mon:click={() => (showAnswer = !showAnswer)}[36m
                  class={`px-5 py-3 rounded-xl text-white font-medium ${showAnswer ? 'bg-slate-600 hover:bg-slate-700' : 'bg-violet-600 hover:bg-violet-700'}`}[39m

c:\Users\akasa\Desktop\MYPROJECTS\wordsolverx-cloudflare\wordsolverx-svelte\[32msrc\routes\contexto-answer-today\+page.svelte[39m:299:19
[33mWarn[39m: Using `on:click` to listen to the click event is deprecated. Use the event attribute `onclick` instead
https://svelte.dev/e/event_directive_deprecated (svelte)
[36m                  type="button"
                  [35mon:click={goToToday}[36m
                  class="px-5 py-3 rounded-xl border border-slate-200 dark:border-slate-700 font-medium hover:bg-slate-100 dark:hover:bg-slate-800"[39m

c:\Users\akasa\Desktop\MYPROJECTS\wordsolverx-cloudflare\wordsolverx-svelte\[32msrc\routes\contexto-answer-today\+page.svelte[39m:314:21
[33mWarn[39m: Using `on:input` to listen to the input event is deprecated. Use the event attribute `oninput` instead
https://svelte.dev/e/event_directive_deprecated (svelte)
[36m                    value={gameNumberInput}
                    [35mon:input={(event) => (gameNumberInput = (event.currentTarget as HTMLInputElement).value)}[36m
                    placeholder="Enter game number"[39m

c:\Users\akasa\Desktop\MYPROJECTS\wordsolverx-cloudflare\wordsolverx-svelte\[32msrc\routes\contexto-answer-today\+page.svelte[39m:320:21
[33mWarn[39m: Using `on:click` to listen to the click event is deprecated. Use the event attribute `onclick` instead
https://svelte.dev/e/event_directive_deprecated (svelte)
[36m                    type="button"
                    [35mon:click={fetchByGameNumber}[36m
                    disabled={!gameNumberInput || isLoading}[39m

c:\Users\akasa\Desktop\MYPROJECTS\wordsolverx-cloudflare\wordsolverx-svelte\[32msrc\routes\contexto-answer-today\+page.svelte[39m:363:11
[33mWarn[39m: Using `on:click` to listen to the click event is deprecated. Use the event attribute `onclick` instead
https://svelte.dev/e/event_directive_deprecated (svelte)
[36m          type="button"
          [35mon:click={goToToday}[36m
          class="text-xs px-3 py-1.5 rounded-full bg-white/10 border border-white/10 hover:bg-white/20"[39m

c:\Users\akasa\Desktop\MYPROJECTS\wordsolverx-cloudflare\wordsolverx-svelte\[32msrc\routes\contexto-answer-today\+page.svelte[39m:372:33
[33mWarn[39m: Using `on:click` to listen to the click event is deprecated. Use the event attribute `onclick` instead
https://svelte.dev/e/event_directive_deprecated (svelte)
[36m        <div class="flex items-center justify-between mb-4">
          <button type="button" [35mon:click={prevMonth}[36m class="h-9 w-9 rounded-full border border-slate-200 dark:border-slate-700 hover:bg-slate-100 dark:hover:bg-slate-800">
            &lt;[39m

c:\Users\akasa\Desktop\MYPROJECTS\wordsolverx-cloudflare\wordsolverx-svelte\[32msrc\routes\contexto-answer-today\+page.svelte[39m:380:13
[33mWarn[39m: Using `on:click` to listen to the click event is deprecated. Use the event attribute `onclick` instead
https://svelte.dev/e/event_directive_deprecated (svelte)
[36m            type="button"
            [35mon:click={nextMonth}[36m
            class="h-9 w-9 rounded-full border border-slate-200 dark:border-slate-700 hover:bg-slate-100 dark:hover:bg-slate-800"[39m

c:\Users\akasa\Desktop\MYPROJECTS\wordsolverx-cloudflare\wordsolverx-svelte\[32msrc\routes\contexto-answer-today\+page.svelte[39m:400:19
[33mWarn[39m: Using `on:click` to listen to the click event is deprecated. Use the event attribute `onclick` instead
https://svelte.dev/e/event_directive_deprecated (svelte)
[36m                  type="button"
                  [35mon:click={() => handleDateClick(date)}[36m
                  disabled={isFuture(date)}[39m

c:\Users\akasa\Desktop\MYPROJECTS\wordsolverx-cloudflare\wordsolverx-svelte\[32msrc\routes\phoodle-archive\+page.svelte[39m:7:27
[33mWarn[39m: This reference only captures the initial value of `data`. Did you mean to reference it inside a closure instead?
https://svelte.dev/e/state_referenced_locally (svelte)
[36m
  const availableDates = ([35mdata[36m?.availableDateStrings ?? []).map(parseApiDate);
  const startDate = availableDates.at(-1) ?? PHOODLE_START_DATE;[39m

c:\Users\akasa\Desktop\MYPROJECTS\wordsolverx-cloudflare\wordsolverx-svelte\[32msrc\routes\phrazle-answer-today\+page.svelte[39m:51:65
[33mWarn[39m: This reference only captures the initial value of `selectedDate`. Did you mean to reference it inside a derived instead?
https://svelte.dev/e/state_referenced_locally (svelte)
[36m  let todayAnswers: PhrazleDayAnswers = getDayAnswers(today);
  let selectedAnswers = $state<PhrazleDayAnswers>(getDayAnswers([35mselectedDate[36m));[39m

c:\Users\akasa\Desktop\MYPROJECTS\wordsolverx-cloudflare\wordsolverx-svelte\[32msrc\routes\phrazle-answer-today\+page.svelte[39m:248:15
[33mWarn[39m: Using `on:click` to listen to the click event is deprecated. Use the event attribute `onclick` instead
https://svelte.dev/e/event_directive_deprecated (svelte)
[36m              type="button"
              [35mon:click={() => (showMorningAnswer = !showMorningAnswer)}[36m
              class="px-3 py-2 rounded-lg bg-amber-500 text-white text-sm hover:bg-amber-600"[39m

c:\Users\akasa\Desktop\MYPROJECTS\wordsolverx-cloudflare\wordsolverx-svelte\[32msrc\routes\phrazle-answer-today\+page.svelte[39m:256:17
[33mWarn[39m: Using `on:click` to listen to the click event is deprecated. Use the event attribute `onclick` instead
https://svelte.dev/e/event_directive_deprecated (svelte)
[36m                type="button"
                [35mon:click={() => copyToClipboard(todayAnswers.morning.phrase.toUpperCase())}[36m
                class="px-3 py-2 rounded-lg border border-amber-200 text-sm"[39m

c:\Users\akasa\Desktop\MYPROJECTS\wordsolverx-cloudflare\wordsolverx-svelte\[32msrc\routes\phrazle-answer-today\+page.svelte[39m:282:15
[33mWarn[39m: Using `on:click` to listen to the click event is deprecated. Use the event attribute `onclick` instead
https://svelte.dev/e/event_directive_deprecated (svelte)
[36m              type="button"
              [35mon:click={() => (showAfternoonAnswer = !showAfternoonAnswer)}[36m
              class="px-3 py-2 rounded-lg bg-indigo-500 text-white text-sm hover:bg-indigo-600"[39m

c:\Users\akasa\Desktop\MYPROJECTS\wordsolverx-cloudflare\wordsolverx-svelte\[32msrc\routes\phrazle-answer-today\+page.svelte[39m:290:17
[33mWarn[39m: Using `on:click` to listen to the click event is deprecated. Use the event attribute `onclick` instead
https://svelte.dev/e/event_directive_deprecated (svelte)
[36m                type="button"
                [35mon:click={() => copyToClipboard(todayAnswers.afternoon.phrase.toUpperCase())}[36m
                class="px-3 py-2 rounded-lg border border-indigo-200 text-sm"[39m

c:\Users\akasa\Desktop\MYPROJECTS\wordsolverx-cloudflare\wordsolverx-svelte\[32msrc\routes\phrazle-answer-today\+page.svelte[39m:330:33
[33mWarn[39m: Using `on:click` to listen to the click event is deprecated. Use the event attribute `onclick` instead
https://svelte.dev/e/event_directive_deprecated (svelte)
[36m        <div class="flex items-center gap-2">
          <button type="button" [35mon:click={prevMonth}[36m class="h-8 w-8 rounded-full bg-white/10 border border-white/10 hover:bg-white/20">
            &lt;[39m

c:\Users\akasa\Desktop\MYPROJECTS\wordsolverx-cloudflare\wordsolverx-svelte\[32msrc\routes\phrazle-answer-today\+page.svelte[39m:336:33
[33mWarn[39m: Using `on:click` to listen to the click event is deprecated. Use the event attribute `onclick` instead
https://svelte.dev/e/event_directive_deprecated (svelte)
[36m          </span>
          <button type="button" [35mon:click={nextMonth}[36m class="h-8 w-8 rounded-full bg-white/10 border border-white/10 hover:bg-white/20">
            &gt;[39m

c:\Users\akasa\Desktop\MYPROJECTS\wordsolverx-cloudflare\wordsolverx-svelte\[32msrc\routes\phrazle-answer-today\+page.svelte[39m:350:15
[33mWarn[39m: Self-closing HTML tags for non-void elements are ambiguous — use `<div ...></div>` rather than `<div ... />`
https://svelte.dev/e/element_invalid_self_closing_tag (svelte)
[36m            {#if day === null}
              [35m<div class="h-14" />[36m
            {:else}[39m

c:\Users\akasa\Desktop\MYPROJECTS\wordsolverx-cloudflare\wordsolverx-svelte\[32msrc\routes\phrazle-answer-today\+page.svelte[39m:357:17
[33mWarn[39m: Using `on:click` to listen to the click event is deprecated. Use the event attribute `onclick` instead
https://svelte.dev/e/event_directive_deprecated (svelte)
[36m                disabled={!valid}
                [35mon:click={() => handleDateClick(date)}[36m
                class={`h-14 rounded-2xl border p-1 transition-all text-center ${isSelected(date) ? 'border-emerald-400 bg-emerald-50 dark:bg-emerald-900/20 ring-2 ring-emerald-200/60 dark:ring-emerald-800/40' : 'border-slate-200 dark:border-slate-800'} ${valid ? 'hover:border-emerald-300 hover:-translate-y-0.5 cursor-pointer' : 'opacity-40 cursor-default bg-slate-50 dark:bg-slate-950'}`}[39m

c:\Users\akasa\Desktop\MYPROJECTS\wordsolverx-cloudflare\wordsolverx-svelte\[32msrc\routes\phrazle-answer-today\+page.svelte[39m:385:13
[33mWarn[39m: Using `on:click` to listen to the click event is deprecated. Use the event attribute `onclick` instead
https://svelte.dev/e/event_directive_deprecated (svelte)
[36m            type="button"
            [35mon:click={() => copyToClipboard(selectedAnswers.morning.phrase.toUpperCase())}[36m
            class="mt-3 px-3 py-1.5 rounded-lg border border-amber-200 text-xs"[39m

c:\Users\akasa\Desktop\MYPROJECTS\wordsolverx-cloudflare\wordsolverx-svelte\[32msrc\routes\phrazle-answer-today\+page.svelte[39m:399:13
[33mWarn[39m: Using `on:click` to listen to the click event is deprecated. Use the event attribute `onclick` instead
https://svelte.dev/e/event_directive_deprecated (svelte)
[36m            type="button"
            [35mon:click={() => copyToClipboard(selectedAnswers.afternoon.phrase.toUpperCase())}[36m
            class="mt-3 px-3 py-1.5 rounded-lg border border-indigo-200 text-xs"[39m

c:\Users\akasa\Desktop\MYPROJECTS\wordsolverx-cloudflare\wordsolverx-svelte\[32msrc\routes\searchle-answer-today\+page.svelte[39m:201:13
[33mWarn[39m: Using `on:click` to listen to the click event is deprecated. Use the event attribute `onclick` instead
https://svelte.dev/e/event_directive_deprecated (svelte)
[36m            type="button"
            [35mon:click={() => copyToClipboard(todayPuzzle.answer.toUpperCase())}[36m
            class="px-3 py-2 rounded-lg border border-slate-200 dark:border-slate-700 text-sm"[39m

c:\Users\akasa\Desktop\MYPROJECTS\wordsolverx-cloudflare\wordsolverx-svelte\[32msrc\routes\searchle-answer-today\+page.svelte[39m:241:33
[33mWarn[39m: Using `on:click` to listen to the click event is deprecated. Use the event attribute `onclick` instead
https://svelte.dev/e/event_directive_deprecated (svelte)
[36m        <div class="flex items-center gap-2">
          <button type="button" [35mon:click={prevMonth}[36m class="px-2 py-1 border border-slate-200 dark:border-slate-700 rounded-lg">
            &lt;[39m

c:\Users\akasa\Desktop\MYPROJECTS\wordsolverx-cloudflare\wordsolverx-svelte\[32msrc\routes\searchle-answer-today\+page.svelte[39m:247:33
[33mWarn[39m: Using `on:click` to listen to the click event is deprecated. Use the event attribute `onclick` instead
https://svelte.dev/e/event_directive_deprecated (svelte)
[36m          </span>
          <button type="button" [35mon:click={nextMonth}[36m class="px-2 py-1 border border-slate-200 dark:border-slate-700 rounded-lg">
            &gt;[39m

c:\Users\akasa\Desktop\MYPROJECTS\wordsolverx-cloudflare\wordsolverx-svelte\[32msrc\routes\searchle-answer-today\+page.svelte[39m:261:15
[33mWarn[39m: Self-closing HTML tags for non-void elements are ambiguous — use `<div ...></div>` rather than `<div ... />`
https://svelte.dev/e/element_invalid_self_closing_tag (svelte)
[36m            {#if day === null}
              [35m<div class="h-24" />[36m
            {:else}[39m

c:\Users\akasa\Desktop\MYPROJECTS\wordsolverx-cloudflare\wordsolverx-svelte\[32msrc\routes\searchle-answer-today\+page.svelte[39m:270:17
[33mWarn[39m: Using `on:click` to listen to the click event is deprecated. Use the event attribute `onclick` instead
https://svelte.dev/e/event_directive_deprecated (svelte)
[36m                type="button"
                [35mon:click={() => puzzle && toggleReveal(dateKey)}[36m
                disabled={!puzzle}[39m

c:\Users\akasa\Desktop\MYPROJECTS\wordsolverx-cloudflare\wordsolverx-svelte\[32msrc\routes\searchle-answer-today\+page.svelte[39m:297:13
[33mWarn[39m: Self-closing HTML tags for non-void elements are ambiguous — use `<div ...></div>` rather than `<div ... />`
https://svelte.dev/e/element_invalid_self_closing_tag (svelte)
[36m          <div class="flex items-center gap-2">
            [35m<div class="w-3 h-3 rounded bg-purple-500" />[36m
            <span>Searchle Answer</span>[39m

c:\Users\akasa\Desktop\MYPROJECTS\wordsolverx-cloudflare\wordsolverx-svelte\[32msrc\routes\searchle-solver\+page.svelte[39m:261:13
[33mWarn[39m: Using `on:click` to listen to the click event is deprecated. Use the event attribute `onclick` instead
https://svelte.dev/e/event_directive_deprecated (svelte)
[36m            type="button"
            [35mon:click={playDaily}[36m
            class="bg-white text-purple-600 hover:bg-purple-50 px-4 py-2 rounded-lg"[39m

c:\Users\akasa\Desktop\MYPROJECTS\wordsolverx-cloudflare\wordsolverx-svelte\[32msrc\routes\searchle-solver\+page.svelte[39m:272:9
[33mWarn[39m: A form label must be associated with a control
https://svelte.dev/e/a11y_label_has_associated_control (svelte)
[36m      <div class="p-6">
        [35m<label class="block text-sm font-medium text-slate-700 dark:text-slate-300 mb-2">
          Enter the search prompt (with ... for the missing word)
        </label>[36m
        <div class="flex gap-3">[39m

c:\Users\akasa\Desktop\MYPROJECTS\wordsolverx-cloudflare\wordsolverx-svelte\[32msrc\routes\searchle-solver\+page.svelte[39m:280:15
[33mWarn[39m: Using `on:input` to listen to the input event is deprecated. Use the event attribute `oninput` instead
https://svelte.dev/e/event_directive_deprecated (svelte)
[36m              value={prompt}
              [35mon:input={(event) => (prompt = (event.currentTarget as HTMLInputElement).value)}[36m
              on:keydown={handleKeyDown}[39m

c:\Users\akasa\Desktop\MYPROJECTS\wordsolverx-cloudflare\wordsolverx-svelte\[32msrc\routes\searchle-solver\+page.svelte[39m:281:15
[33mWarn[39m: Using `on:keydown` to listen to the keydown event is deprecated. Use the event attribute `onkeydown` instead
https://svelte.dev/e/event_directive_deprecated (svelte)
[36m              on:input={(event) => (prompt = (event.currentTarget as HTMLInputElement).value)}
              [35mon:keydown={handleKeyDown}[36m
              placeholder="e.g., Why does my cat... or How to make..."[39m

c:\Users\akasa\Desktop\MYPROJECTS\wordsolverx-cloudflare\wordsolverx-svelte\[32msrc\routes\searchle-solver\+page.svelte[39m:288:13
[33mWarn[39m: Using `on:click` to listen to the click event is deprecated. Use the event attribute `onclick` instead
https://svelte.dev/e/event_directive_deprecated (svelte)
[36m            type="button"
            [35mon:click={handleSolve}[36m
            disabled={isLoading || !prompt.trim()}[39m

c:\Users\akasa\Desktop\MYPROJECTS\wordsolverx-cloudflare\wordsolverx-svelte\[32msrc\routes\searchle-solver\+page.svelte[39m:319:13
[33mWarn[39m: Using `on:click` to listen to the click event is deprecated. Use the event attribute `onclick` instead
https://svelte.dev/e/event_directive_deprecated (svelte)
[36m            type="button"
            [35mon:click={handleReset}[36m
            class="bg-white text-green-600 hover:bg-green-50 px-4 py-2 rounded-lg"[39m

c:\Users\akasa\Desktop\MYPROJECTS\wordsolverx-cloudflare\wordsolverx-svelte\[32msrc\routes\searchle-solver\+page.svelte[39m:358:15
[33mWarn[39m: Using `on:click` to listen to the click event is deprecated. Use the event attribute `onclick` instead
https://svelte.dev/e/event_directive_deprecated (svelte)
[36m              type="button"
              [35mon:click={() => selectWord(suggestion.word)}[36m
              disabled={currentGuess === suggestion.word}[39m

c:\Users\akasa\Desktop\MYPROJECTS\wordsolverx-cloudflare\wordsolverx-svelte\[32msrc\routes\searchle-solver\+page.svelte[39m:386:17
[33mWarn[39m: Using `on:click` to listen to the click event is deprecated. Use the event attribute `onclick` instead
https://svelte.dev/e/event_directive_deprecated (svelte)
[36m                type="button"
                [35mon:click={() => toggleLetterState(idx)}[36m
                class={`w-12 h-12 rounded-xl flex items-center justify-center font-bold text-lg transition-all hover:scale-105 ${getStateColor(state)}`}[39m

c:\Users\akasa\Desktop\MYPROJECTS\wordsolverx-cloudflare\wordsolverx-svelte\[32msrc\routes\searchle-solver\+page.svelte[39m:394:35
[33mWarn[39m: Using `on:click` to listen to the click event is deprecated. Use the event attribute `onclick` instead
https://svelte.dev/e/event_directive_deprecated (svelte)
[36m          <div class="flex justify-center gap-3">
            <button type="button" [35mon:click={() => { currentGuess = ''; letterStates = []; }}[36m class="px-4 py-2 border border-slate-200 dark:border-slate-700 rounded-lg">
              Cancel[39m

c:\Users\akasa\Desktop\MYPROJECTS\wordsolverx-cloudflare\wordsolverx-svelte\[32msrc\routes\searchle-solver\+page.svelte[39m:399:15
[33mWarn[39m: Using `on:click` to listen to the click event is deprecated. Use the event attribute `onclick` instead
https://svelte.dev/e/event_directive_deprecated (svelte)
[36m              type="button"
              [35mon:click={submitGuess}[36m
              disabled={letterStates.every((s) => s === 'unknown')}[39m

c:\Users\akasa\Desktop\MYPROJECTS\wordsolverx-cloudflare\wordsolverx-svelte\[32msrc\routes\spotle-answer-today\+page.svelte[39m:14:16
[31mError[39m: Block-scoped variable '$props' used before its declaration. (ts)
[36m
	const props = [35m$props[36m() as {
		data: {[39m

c:\Users\akasa\Desktop\MYPROJECTS\wordsolverx-cloudflare\wordsolverx-svelte\[32msrc\routes\spotle-answer-today\+page.svelte[39m:14:16
[31mError[39m: Cannot use 'props' as a store. 'props' needs to be an object with a subscribe method on it.

No overload matches this call.
  Overload 1 of 2, '(store: SvelteStore<any>): any', gave the following error.
    Argument of type '{ data: { todayStr: string; todayFormatted: string; todayAnswer: SpotleAnswer | null; todayArtist: SpotleArtist | null; artists: SpotleArtist[]; ... 5 more ...; labels: { ...; }; }; }' is not assignable to parameter of type 'SvelteStore<any>'.
      Property 'subscribe' is missing in type '{ data: { todayStr: string; todayFormatted: string; todayAnswer: SpotleAnswer | null; todayArtist: SpotleArtist | null; artists: SpotleArtist[]; ... 5 more ...; labels: { ...; }; }; }' but required in type 'SvelteStore<any>'.
  Overload 2 of 2, '(store: SvelteStore<any> | null | undefined): any', gave the following error.
    Argument of type '{ data: { todayStr: string; todayFormatted: string; todayAnswer: SpotleAnswer | null; todayArtist: SpotleArtist | null; artists: SpotleArtist[]; ... 5 more ...; labels: { ...; }; }; }' is not assignable to parameter of type 'SvelteStore<any>'.
      Property 'subscribe' is missing in type '{ data: { todayStr: string; todayFormatted: string; todayAnswer: SpotleAnswer | null; todayArtist: SpotleArtist | null; artists: SpotleArtist[]; ... 5 more ...; labels: { ...; }; }; }' but required in type 'SvelteStore<any>'. (ts)
[36m
	const props = [35m$props[36m() as {
		data: {[39m

c:\Users\akasa\Desktop\MYPROJECTS\wordsolverx-cloudflare\wordsolverx-svelte\[32msrc\routes\worldle-answer-today\+page.svelte[39m:11:44
[33mWarn[39m: This reference only captures the initial value of `data`. Did you mean to reference it inside a derived instead?
https://svelte.dev/e/state_referenced_locally (svelte)
[36m
  let selectedDate = $state<string | null>([35mdata[36m.selectedDate);
  let selectedAnswer = $state<WorldleAnswer | null>(data.selectedAnswer);[39m

c:\Users\akasa\Desktop\MYPROJECTS\wordsolverx-cloudflare\wordsolverx-svelte\[32msrc\routes\worldle-answer-today\+page.svelte[39m:12:53
[33mWarn[39m: This reference only captures the initial value of `data`. Did you mean to reference it inside a derived instead?
https://svelte.dev/e/state_referenced_locally (svelte)
[36m  let selectedDate = $state<string | null>(data.selectedDate);
  let selectedAnswer = $state<WorldleAnswer | null>([35mdata[36m.selectedAnswer);
  let selectedLabel = $state<string | null>(data.formattedSelectedDate);[39m

c:\Users\akasa\Desktop\MYPROJECTS\wordsolverx-cloudflare\wordsolverx-svelte\[32msrc\routes\worldle-answer-today\+page.svelte[39m:13:45
[33mWarn[39m: This reference only captures the initial value of `data`. Did you mean to reference it inside a derived instead?
https://svelte.dev/e/state_referenced_locally (svelte)
[36m  let selectedAnswer = $state<WorldleAnswer | null>(data.selectedAnswer);
  let selectedLabel = $state<string | null>([35mdata[36m.formattedSelectedDate);
  let displayMonth = $state<Date>(new Date(data.displayMonth));[39m

c:\Users\akasa\Desktop\MYPROJECTS\wordsolverx-cloudflare\wordsolverx-svelte\[32msrc\routes\worldle-answer-today\+page.svelte[39m:14:44
[33mWarn[39m: This reference only captures the initial value of `data`. Did you mean to reference it inside a derived instead?
https://svelte.dev/e/state_referenced_locally (svelte)
[36m  let selectedLabel = $state<string | null>(data.formattedSelectedDate);
  let displayMonth = $state<Date>(new Date([35mdata[36m.displayMonth));
  let isArchiveLoading = $state(false);[39m

====================================
[31msvelte-check found 8 errors and 68 warnings in 17 files
[39m